18/12/2019 14:58:17 PagSeguro.br.com.uol.pagseguro.api.checkout.CheckoutsResource[INFO]: Iniciando checkout
18/12/2019 14:58:17 PagSeguro.br.com.uol.pagseguro.api.checkout.CheckoutsResource[INFO]: Convertendo valores
18/12/2019 14:58:17 PagSeguro.br.com.uol.pagseguro.api.checkout.CheckoutsResource[INFO]: Valores convertidos
18/12/2019 14:58:17 PagSeguro.br.com.uol.pagseguro.api.checkout.CheckoutsResource[FINE]: Parametros: RequestMap{map={reference=PETCC-1-1, itemId1=1, itemQuantity1=1, extraAmount=1.00, itemDescription1=teste pagseguro, currency=BRL, itemAmount1=10.00, paymentMethodConfigKey1_1=MAX_INSTALLMENTS_LIMIT, paymentMethodConfigValue1_1=1, paymentMethodGroup1=CREDIT_CARD}}
18/12/2019 14:58:17 PagSeguro.br.com.uol.pagseguro.api.http.AuthenticatedHttpClient[INFO]: Correlation Id: e925630b-31a5-4a1a-ba47-51bd076fb11c
18/12/2019 14:58:17 PagSeguro.br.com.uol.pagseguro.api.http.JSEHttpClient[INFO]: Executando [POST] em [https://ws.sandbox.pagseguro.uol.com.br/v2/checkout?email=&token=&correlationId=e925630b-31a5-4a1a-ba47-51bd076fb11c]
18/12/2019 14:58:17 PagSeguro.br.com.uol.pagseguro.api.http.JSEHttpClient[INFO]: Abrindo conexao
18/12/2019 14:58:17 PagSeguro.br.com.uol.pagseguro.api.http.JSEHttpClient[INFO]: Escrevendo body
18/12/2019 14:58:18 PagSeguro.br.com.uol.pagseguro.api.http.JSEHttpClient[INFO]: Lendo resposta
18/12/2019 14:58:18 PagSeguro.br.com.uol.pagseguro.api.http.JSEHttpClient[INFO]: Fechando conexao
18/12/2019 14:58:18 PagSeguro.br.com.uol.pagseguro.api.checkout.CheckoutsResource[FINE]: Resposta: HttpResponse{responseAsString='Unauthorized', status=401}
18/12/2019 14:58:18 PagSeguro.br.com.uol.pagseguro.api.checkout.CheckoutsResource[INFO]: Parseando XML de resposta
18/12/2019 14:59:07 PagSeguro.br.com.uol.pagseguro.api.checkout.CheckoutsResource[INFO]: Iniciando checkout
18/12/2019 14:59:07 PagSeguro.br.com.uol.pagseguro.api.checkout.CheckoutsResource[INFO]: Convertendo valores
18/12/2019 14:59:07 PagSeguro.br.com.uol.pagseguro.api.checkout.CheckoutsResource[INFO]: Valores convertidos
18/12/2019 14:59:07 PagSeguro.br.com.uol.pagseguro.api.checkout.CheckoutsResource[FINE]: Parametros: RequestMap{map={reference=PETCC-1-1, itemId1=1, itemQuantity1=1, extraAmount=1.00, itemDescription1=teste pagseguro, currency=BRL, itemAmount1=10.00, paymentMethodConfigKey1_1=MAX_INSTALLMENTS_LIMIT, paymentMethodConfigValue1_1=1, paymentMethodGroup1=CREDIT_CARD}}
18/12/2019 14:59:07 PagSeguro.br.com.uol.pagseguro.api.http.AuthenticatedHttpClient[INFO]: Correlation Id: d3d721a1-79b5-4996-be13-5f18cc523cb4
18/12/2019 14:59:07 PagSeguro.br.com.uol.pagseguro.api.http.JSEHttpClient[INFO]: Executando [POST] em [https://ws.sandbox.pagseguro.uol.com.br/v2/checkout?email=abraaovld@gmail.com&token=9068F1E6809245E08070D78DB8EAE14F&correlationId=d3d721a1-79b5-4996-be13-5f18cc523cb4]
18/12/2019 14:59:07 PagSeguro.br.com.uol.pagseguro.api.http.JSEHttpClient[INFO]: Abrindo conexao
18/12/2019 14:59:07 PagSeguro.br.com.uol.pagseguro.api.http.JSEHttpClient[INFO]: Escrevendo body
18/12/2019 14:59:08 PagSeguro.br.com.uol.pagseguro.api.http.JSEHttpClient[INFO]: Lendo resposta
18/12/2019 14:59:08 PagSeguro.br.com.uol.pagseguro.api.http.JSEHttpClient[INFO]: Fechando conexao
18/12/2019 14:59:08 PagSeguro.br.com.uol.pagseguro.api.checkout.CheckoutsResource[FINE]: Resposta: HttpResponse{responseAsString='<?xml version="1.0" encoding="ISO-8859-1" standalone="yes"?><checkout><code>D9399EF86161E4511452BF8D697F7BB7</code><date>2019-12-18T14:59:07.000-03:00</date></checkout>', status=200}
18/12/2019 14:59:08 PagSeguro.br.com.uol.pagseguro.api.checkout.CheckoutsResource[INFO]: Parseando XML de resposta
18/12/2019 14:59:08 PagSeguro.br.com.uol.pagseguro.api.checkout.CheckoutsResource[INFO]: Parseamento finalizado
18/12/2019 14:59:08 PagSeguro.br.com.uol.pagseguro.api.checkout.CheckoutsResource[INFO]: Checkout finalizado
18/12/2019 15:12:07 PagSeguro.br.com.uol.pagseguro.api.transaction.search.TransactionSearchByCode[INFO]: Iniciando busca de transacao por codigo
18/12/2019 15:12:07 PagSeguro.br.com.uol.pagseguro.api.transaction.search.TransactionSearchByCode[FINE]: Parametros: transactionCode:EC2F4210-BF6D-486D-AFFD-A42E02344680
18/12/2019 15:12:07 PagSeguro.br.com.uol.pagseguro.api.http.AuthenticatedHttpClient[INFO]: Correlation Id: 0e8dd889-707b-432d-b365-b23048d2da01
18/12/2019 15:12:07 PagSeguro.br.com.uol.pagseguro.api.http.JSEHttpClient[INFO]: Executando [GET] em [https://ws.sandbox.pagseguro.uol.com.br/v3/transactions/EC2F4210-BF6D-486D-AFFD-A42E02344680?email=abraaovld@gmail.com&token=9068F1E6809245E08070D78DB8EAE14F&correlationId=0e8dd889-707b-432d-b365-b23048d2da01]
18/12/2019 15:12:07 PagSeguro.br.com.uol.pagseguro.api.http.JSEHttpClient[INFO]: Abrindo conexao
18/12/2019 15:12:07 PagSeguro.br.com.uol.pagseguro.api.http.JSEHttpClient[INFO]: Escrevendo body
18/12/2019 15:12:09 PagSeguro.br.com.uol.pagseguro.api.http.JSEHttpClient[INFO]: Lendo resposta
18/12/2019 15:12:09 PagSeguro.br.com.uol.pagseguro.api.http.JSEHttpClient[INFO]: Fechando conexao
18/12/2019 15:12:09 PagSeguro.br.com.uol.pagseguro.api.transaction.search.TransactionSearchByCode[FINE]: Resposta: HttpResponse{responseAsString='<?xml version="1.0" encoding="ISO-8859-1" standalone="yes"?><transaction><date>2019-12-17T23:37:07.000-03:00</date><code>EC2F4210-BF6D-486D-AFFD-A42E02344680</code><reference>PETCC-1-1</reference><type>1</type><status>6</status><lastEventDate>2019-12-18T00:18:54.000-03:00</lastEventDate><paymentMethod><type>1</type><code>101</code></paymentMethod><grossAmount>11.00</grossAmount><discountAmount>0.00</discountAmount><creditorFees><installmentFeeAmount>0.00</installmentFeeAmount><intermediationRateAmount>0.40</intermediationRateAmount><intermediationFeeAmount>0.55</intermediationFeeAmount></creditorFees><netAmount>10.05</netAmount><extraAmount>1.00</extraAmount><escrowEndDate>2020-01-01T00:18:54.000-03:00</escrowEndDate><installmentCount>1</installmentCount><itemCount>1</itemCount><items><item><id>1</id><description>teste pagseguro</description><quantity>1</quantity><amount>10.00</amount></item></items><sender><name>joao silva</name><email>testando@sandbox.pagseguro.com.br</email><phone><areaCode>84</areaCode><number>998151128</number></phone><documents><document><type>CPF</type><value>70262017431</value></document></documents></sender><shipping><address><street>Rua Clara Macedo</street><number>301</number><complement></complement><district>sao joao</district><city>ACU</city><state>RN</state><country>BRA</country><postalCode>59650000</postalCode></address><type>3</type><cost>0.00</cost></shipping><gatewaySystem><type>cielo</type><rawCode xsi:nil="true" xmlns:xsi="http://www.w3.org/2001/XMLSchema-instance"/><rawMessage xsi:nil="true" xmlns:xsi="http://www.w3.org/2001/XMLSchema-instance"/><normalizedCode xsi:nil="true" xmlns:xsi="http://www.w3.org/2001/XMLSchema-instance"/><normalizedMessage xsi:nil="true" xmlns:xsi="http://www.w3.org/2001/XMLSchema-instance"/><authorizationCode>0</authorizationCode><nsu>0</nsu><tid>0</tid><establishmentCode>1056784170</establishmentCode><acquirerName>CIELO</acquirerName></gatewaySystem><primaryReceiver><publicKey>PUB4C16BBD7A81643629AA31CC2590FDF9F</publicKey></primaryReceiver></transaction>', status=200}
18/12/2019 15:12:09 PagSeguro.br.com.uol.pagseguro.api.transaction.search.TransactionSearchByCode[INFO]: Parseando XML de resposta
18/12/2019 15:12:09 PagSeguro.br.com.uol.pagseguro.api.transaction.search.TransactionSearchByCode[INFO]: Parseamento finalizado
18/12/2019 15:12:09 PagSeguro.br.com.uol.pagseguro.api.transaction.search.TransactionSearchByCode[INFO]: Busca de transacao por codigo finalizada
18/12/2019 15:12:41 PagSeguro.br.com.uol.pagseguro.api.transaction.search.TransactionSearchByCode[INFO]: Iniciando busca de transacao por codigo
18/12/2019 15:12:41 PagSeguro.br.com.uol.pagseguro.api.transaction.search.TransactionSearchByCode[FINE]: Parametros: transactionCode:56D7CD4ADA394660B040B6418523C798
18/12/2019 15:12:41 PagSeguro.br.com.uol.pagseguro.api.http.AuthenticatedHttpClient[INFO]: Correlation Id: db1e8051-5581-4771-8c28-7881f1554a3d
18/12/2019 15:12:41 PagSeguro.br.com.uol.pagseguro.api.http.JSEHttpClient[INFO]: Executando [GET] em [https://ws.sandbox.pagseguro.uol.com.br/v3/transactions/56D7CD4ADA394660B040B6418523C798?email=abraaovld@gmail.com&token=9068F1E6809245E08070D78DB8EAE14F&correlationId=db1e8051-5581-4771-8c28-7881f1554a3d]
18/12/2019 15:12:41 PagSeguro.br.com.uol.pagseguro.api.http.JSEHttpClient[INFO]: Abrindo conexao
18/12/2019 15:12:41 PagSeguro.br.com.uol.pagseguro.api.http.JSEHttpClient[INFO]: Escrevendo body
18/12/2019 15:12:42 PagSeguro.br.com.uol.pagseguro.api.http.JSEHttpClient[INFO]: Lendo resposta
18/12/2019 15:12:42 PagSeguro.br.com.uol.pagseguro.api.http.JSEHttpClient[INFO]: Fechando conexao
18/12/2019 15:12:42 PagSeguro.br.com.uol.pagseguro.api.transaction.search.TransactionSearchByCode[FINE]: Resposta: HttpResponse{responseAsString='<?xml version="1.0" encoding="ISO-8859-1" standalone="yes"?><transaction><date>2019-12-18T14:59:18.000-03:00</date><code>56D7CD4A-DA39-4660-B040-B6418523C798</code><reference>PETCC-1-1</reference><type>1</type><status>1</status><lastEventDate>2019-12-18T14:59:18.000-03:00</lastEventDate><paymentMethod><type>1</type><code>101</code></paymentMethod><grossAmount>11.00</grossAmount><discountAmount>0.00</discountAmount><creditorFees><installmentFeeAmount>0.00</installmentFeeAmount><intermediationRateAmount>0.40</intermediationRateAmount><intermediationFeeAmount>0.55</intermediationFeeAmount></creditorFees><netAmount>10.05</netAmount><extraAmount>1.00</extraAmount><installmentCount>1</installmentCount><itemCount>1</itemCount><items><item><id>1</id><description>teste pagseguro</description><quantity>1</quantity><amount>10.00</amount></item></items><sender><name>joao silva</name><email>testando@sandbox.pagseguro.com.br</email><phone><areaCode>84</areaCode><number>998151128</number></phone><documents><document><type>CPF</type><value>70262017431</value></document></documents></sender><shipping><address><street>CLARA MACEDO</street><number>301</number><complement></complement><district>sao joao</district><city>ACU</city><state>RN</state><country>BRA</country><postalCode>59650000</postalCode></address><type>3</type><cost>0.00</cost></shipping><gatewaySystem><type>cielo</type><rawCode xsi:nil="true" xmlns:xsi="http://www.w3.org/2001/XMLSchema-instance"/><rawMessage xsi:nil="true" xmlns:xsi="http://www.w3.org/2001/XMLSchema-instance"/><normalizedCode xsi:nil="true" xmlns:xsi="http://www.w3.org/2001/XMLSchema-instance"/><normalizedMessage xsi:nil="true" xmlns:xsi="http://www.w3.org/2001/XMLSchema-instance"/><authorizationCode>0</authorizationCode><nsu>0</nsu><tid>0</tid><establishmentCode>1056784170</establishmentCode><acquirerName>CIELO</acquirerName></gatewaySystem><primaryReceiver><publicKey>PUB4C16BBD7A81643629AA31CC2590FDF9F</publicKey></primaryReceiver></transaction>', status=200}
18/12/2019 15:12:42 PagSeguro.br.com.uol.pagseguro.api.transaction.search.TransactionSearchByCode[INFO]: Parseando XML de resposta
18/12/2019 15:12:42 PagSeguro.br.com.uol.pagseguro.api.transaction.search.TransactionSearchByCode[INFO]: Parseamento finalizado
18/12/2019 15:12:42 PagSeguro.br.com.uol.pagseguro.api.transaction.search.TransactionSearchByCode[INFO]: Busca de transacao por codigo finalizada
18/12/2019 15:13:32 PagSeguro.br.com.uol.pagseguro.api.transaction.search.TransactionSearchByCode[INFO]: Iniciando busca de transacao por codigo
18/12/2019 15:13:32 PagSeguro.br.com.uol.pagseguro.api.transaction.search.TransactionSearchByCode[FINE]: Parametros: transactionCode:56D7CD4ADA394660B040B6418523C798
18/12/2019 15:13:32 PagSeguro.br.com.uol.pagseguro.api.http.AuthenticatedHttpClient[INFO]: Correlation Id: 0c71a9a4-dc69-40a3-b87b-a4dfb38da4ae
18/12/2019 15:13:32 PagSeguro.br.com.uol.pagseguro.api.http.JSEHttpClient[INFO]: Executando [GET] em [https://ws.sandbox.pagseguro.uol.com.br/v3/transactions/56D7CD4ADA394660B040B6418523C798?email=abraaovld@gmail.com&token=9068F1E6809245E08070D78DB8EAE14F&correlationId=0c71a9a4-dc69-40a3-b87b-a4dfb38da4ae]
18/12/2019 15:13:32 PagSeguro.br.com.uol.pagseguro.api.http.JSEHttpClient[INFO]: Abrindo conexao
18/12/2019 15:13:32 PagSeguro.br.com.uol.pagseguro.api.http.JSEHttpClient[INFO]: Escrevendo body
18/12/2019 15:13:33 PagSeguro.br.com.uol.pagseguro.api.http.JSEHttpClient[INFO]: Lendo resposta
18/12/2019 15:13:33 PagSeguro.br.com.uol.pagseguro.api.http.JSEHttpClient[INFO]: Fechando conexao
18/12/2019 15:13:33 PagSeguro.br.com.uol.pagseguro.api.transaction.search.TransactionSearchByCode[FINE]: Resposta: HttpResponse{responseAsString='<?xml version="1.0" encoding="ISO-8859-1" standalone="yes"?><transaction><date>2019-12-18T14:59:18.000-03:00</date><code>56D7CD4A-DA39-4660-B040-B6418523C798</code><reference>PETCC-1-1</reference><type>1</type><status>3</status><lastEventDate>2019-12-18T15:13:28.000-03:00</lastEventDate><paymentMethod><type>1</type><code>101</code></paymentMethod><grossAmount>11.00</grossAmount><discountAmount>0.00</discountAmount><creditorFees><installmentFeeAmount>0.00</installmentFeeAmount><intermediationRateAmount>0.40</intermediationRateAmount><intermediationFeeAmount>0.55</intermediationFeeAmount></creditorFees><netAmount>10.05</netAmount><extraAmount>1.00</extraAmount><escrowEndDate>2020-01-01T15:13:28.000-03:00</escrowEndDate><installmentCount>1</installmentCount><itemCount>1</itemCount><items><item><id>1</id><description>teste pagseguro</description><quantity>1</quantity><amount>10.00</amount></item></items><sender><name>joao silva</name><email>testando@sandbox.pagseguro.com.br</email><phone><areaCode>84</areaCode><number>998151128</number></phone><documents><document><type>CPF</type><value>70262017431</value></document></documents></sender><shipping><address><street>CLARA MACEDO</street><number>301</number><complement></complement><district>sao joao</district><city>ACU</city><state>RN</state><country>BRA</country><postalCode>59650000</postalCode></address><type>3</type><cost>0.00</cost></shipping><gatewaySystem><type>cielo</type><rawCode xsi:nil="true" xmlns:xsi="http://www.w3.org/2001/XMLSchema-instance"/><rawMessage xsi:nil="true" xmlns:xsi="http://www.w3.org/2001/XMLSchema-instance"/><normalizedCode xsi:nil="true" xmlns:xsi="http://www.w3.org/2001/XMLSchema-instance"/><normalizedMessage xsi:nil="true" xmlns:xsi="http://www.w3.org/2001/XMLSchema-instance"/><authorizationCode>0</authorizationCode><nsu>0</nsu><tid>0</tid><establishmentCode>1056784170</establishmentCode><acquirerName>CIELO</acquirerName></gatewaySystem><primaryReceiver><publicKey>PUB4C16BBD7A81643629AA31CC2590FDF9F</publicKey></primaryReceiver></transaction>', status=200}
18/12/2019 15:13:33 PagSeguro.br.com.uol.pagseguro.api.transaction.search.TransactionSearchByCode[INFO]: Parseando XML de resposta
18/12/2019 15:13:33 PagSeguro.br.com.uol.pagseguro.api.transaction.search.TransactionSearchByCode[INFO]: Parseamento finalizado
18/12/2019 15:13:33 PagSeguro.br.com.uol.pagseguro.api.transaction.search.TransactionSearchByCode[INFO]: Busca de transacao por codigo finalizada
12/01/2020 20:00:34 PagSeguro.br.com.uol.pagseguro.api.transaction.register.DirectPaymentRegisterResource[INFO]: Iniciando pagamento direto com cartao de credito
12/01/2020 20:00:34 PagSeguro.br.com.uol.pagseguro.api.transaction.register.DirectPaymentRegisterResource[INFO]: Convertendo valores
12/01/2020 20:00:34 PagSeguro.br.com.uol.pagseguro.api.transaction.register.DirectPaymentRegisterResource[INFO]: Valores convertidos
12/01/2020 20:00:34 PagSeguro.br.com.uol.pagseguro.api.transaction.register.DirectPaymentRegisterResource[FINE]: Parametros: RequestMap{map={notificationURL=www.sualoja.com.br/notification, itemId1=0001, creditCardHolderCPF=99999999999, installmentQuantity=2, creditCardHolderAreaCode=99, billingAddressNumber=9999, itemId2=0002, senderCPF=99999999999, reference=LIBJAVA_DIRECT_PAYMENT, senderName=Jose Comprador, creditCardHolderBirthDate=01/01/1900, senderHash=abc123, senderEmail=comprador@uol.com.br, currency=BRL, senderAreaCode=99, billingAddressPostalCode=99999999, installmentValue=135.50, itemQuantity1=1, itemWeight1=1000, billingAddressDistrict=Jardim Internet, itemWeight2=750, creditCardHolderPhone=99999999, billingAddressCity=Cidade Exemplo, paymentMode=default, itemQuantity2=2, creditCardHolderName=Jose Comprador, senderPhone=99999999, billingAddressState=SP, billingAddressComplement=99o andar, itemDescription1=Produto PagSeguroI, billingAddressStreet=Av. PagSeguro, itemDescription2=Produto PagSeguroII, paymentMethod=creditCard, itemAmount1=99999.99, itemAmount2=99999.98, billingAddressCountry=BRA}}
12/01/2020 20:00:34 PagSeguro.br.com.uol.pagseguro.api.http.AuthenticatedHttpClient[INFO]: Correlation Id: a9fdb404-f9a3-48ba-9996-33a2be4e4f0f
12/01/2020 20:00:34 PagSeguro.br.com.uol.pagseguro.api.http.JSEHttpClient[INFO]: Executando [POST] em [https://ws.sandbox.pagseguro.uol.com.br/v2/transactions?email=abraaovld@gmail.com&token=9068F1E6809245E08070D78DB8EAE14F&correlationId=a9fdb404-f9a3-48ba-9996-33a2be4e4f0f]
12/01/2020 20:00:34 PagSeguro.br.com.uol.pagseguro.api.http.JSEHttpClient[INFO]: Abrindo conexao
12/01/2020 20:00:34 PagSeguro.br.com.uol.pagseguro.api.http.JSEHttpClient[INFO]: Escrevendo body
12/01/2020 20:00:41 PagSeguro.br.com.uol.pagseguro.api.http.JSEHttpClient[INFO]: Lendo resposta
12/01/2020 20:00:41 PagSeguro.br.com.uol.pagseguro.api.http.JSEHttpClient[INFO]: Fechando conexao
12/01/2020 20:00:41 PagSeguro.br.com.uol.pagseguro.api.transaction.register.DirectPaymentRegisterResource[FINE]: Resposta: HttpResponse{responseAsString='<?xml version="1.0" encoding="ISO-8859-1" standalone="yes"?><errors><error><code>53029</code><message>shipping address district is required.</message></error><error><code>53035</code><message>shipping address country is required.</message></error><error><code>53022</code><message>shipping address postal code is required.</message></error><error><code>53026</code><message>shipping address number is required.</message></error><error><code>53031</code><message>shipping address city is required.</message></error><error><code>53024</code><message>shipping address street is required.</message></error><error><code>53033</code><message>shipping address state is required.</message></error><error><code>53037</code><message>credit card token is required.</message></error></errors>', status=400}
12/01/2020 20:00:41 PagSeguro.br.com.uol.pagseguro.api.transaction.register.DirectPaymentRegisterResource[INFO]: Parseando XML de resposta
12/01/2020 20:15:07 PagSeguro.br.com.uol.pagseguro.api.transaction.register.DirectPaymentRegisterResource[INFO]: Iniciando pagamento direto com cartao de credito
12/01/2020 20:15:07 PagSeguro.br.com.uol.pagseguro.api.transaction.register.DirectPaymentRegisterResource[INFO]: Convertendo valores
12/01/2020 20:15:07 PagSeguro.br.com.uol.pagseguro.api.transaction.register.DirectPaymentRegisterResource[INFO]: Valores convertidos
12/01/2020 20:15:07 PagSeguro.br.com.uol.pagseguro.api.transaction.register.DirectPaymentRegisterResource[FINE]: Parametros: RequestMap{map={notificationURL=www.sualoja.com.br/notification, itemId1=0001, creditCardHolderCPF=99999999999, installmentQuantity=2, creditCardHolderAreaCode=99, billingAddressNumber=9999, itemId2=0002, senderCPF=99999999999, reference=LIBJAVA_DIRECT_PAYMENT, senderName=Jose Comprador, creditCardHolderBirthDate=01/01/1900, senderHash=abc123, senderEmail=comprador@uol.com.br, currency=BRL, senderAreaCode=99, billingAddressPostalCode=99999999, installmentValue=135.50, itemQuantity1=1, itemWeight1=1000, billingAddressDistrict=Jardim Internet, itemWeight2=750, creditCardHolderPhone=99999999, billingAddressCity=Cidade Exemplo, paymentMode=default, itemQuantity2=2, creditCardHolderName=Jose Comprador, senderPhone=99999999, billingAddressState=SP, billingAddressComplement=99o andar, itemDescription1=Produto PagSeguroI, billingAddressStreet=Av. PagSeguro, itemDescription2=Produto PagSeguroII, paymentMethod=creditCard, itemAmount1=99999.99, itemAmount2=99999.98, billingAddressCountry=BRA}}
12/01/2020 20:15:07 PagSeguro.br.com.uol.pagseguro.api.http.AuthenticatedHttpClient[INFO]: Correlation Id: 0fc6cd52-ee82-4573-bda7-ff5e8ee2b893
12/01/2020 20:15:07 PagSeguro.br.com.uol.pagseguro.api.http.JSEHttpClient[INFO]: Executando [POST] em [https://ws.sandbox.pagseguro.uol.com.br/v2/transactions?email=abraaovld@gmail.com&token=9068F1E6809245E08070D78DB8EAE14F&correlationId=0fc6cd52-ee82-4573-bda7-ff5e8ee2b893]
12/01/2020 20:15:07 PagSeguro.br.com.uol.pagseguro.api.http.JSEHttpClient[INFO]: Abrindo conexao
12/01/2020 20:15:07 PagSeguro.br.com.uol.pagseguro.api.http.JSEHttpClient[INFO]: Escrevendo body
12/01/2020 20:15:13 PagSeguro.br.com.uol.pagseguro.api.http.JSEHttpClient[INFO]: Lendo resposta
12/01/2020 20:15:13 PagSeguro.br.com.uol.pagseguro.api.http.JSEHttpClient[INFO]: Fechando conexao
12/01/2020 20:15:13 PagSeguro.br.com.uol.pagseguro.api.transaction.register.DirectPaymentRegisterResource[FINE]: Resposta: HttpResponse{responseAsString='<?xml version="1.0" encoding="ISO-8859-1" standalone="yes"?><errors><error><code>53029</code><message>shipping address district is required.</message></error><error><code>53022</code><message>shipping address postal code is required.</message></error><error><code>53024</code><message>shipping address street is required.</message></error><error><code>53026</code><message>shipping address number is required.</message></error><error><code>53035</code><message>shipping address country is required.</message></error><error><code>53031</code><message>shipping address city is required.</message></error><error><code>53033</code><message>shipping address state is required.</message></error><error><code>53037</code><message>credit card token is required.</message></error></errors>', status=400}
12/01/2020 20:15:13 PagSeguro.br.com.uol.pagseguro.api.transaction.register.DirectPaymentRegisterResource[INFO]: Parseando XML de resposta
13/01/2020 19:21:59 PagSeguro.br.com.uol.pagseguro.api.transaction.register.DirectPaymentRegisterResource[INFO]: Iniciando pagamento direto com cartao de credito
13/01/2020 19:21:59 PagSeguro.br.com.uol.pagseguro.api.transaction.register.DirectPaymentRegisterResource[INFO]: Convertendo valores
13/01/2020 19:21:59 PagSeguro.br.com.uol.pagseguro.api.transaction.register.DirectPaymentRegisterResource[INFO]: Valores convertidos
13/01/2020 19:21:59 PagSeguro.br.com.uol.pagseguro.api.transaction.register.DirectPaymentRegisterResource[FINE]: Parametros: RequestMap{map={itemId1=1, creditCardHolderCPF=70262017431, installmentQuantity=1, creditCardHolderAreaCode=99, billingAddressNumber=9999, senderCPF=99999999999, reference=PETCC-1-1, senderName=Jose Comprador, creditCardHolderBirthDate=01/01/1998, senderEmail=comprador@uol.com.br, currency=BRL, billingAddressPostalCode=99999999, itemQuantity1=1, billingAddressDistrict=Jardim Internet, creditCardHolderPhone=99999999, billingAddressCity=Cidade Exemplo, paymentMode=default, creditCardHolderName=Jose Comprador, billingAddressState=SP, billingAddressComplement=99o andar, itemDescription1=teste pagseguro, billingAddressStreet=Av. PagSeguro, paymentMethod=creditCard, itemAmount1=10.00, billingAddressCountry=BRA}}
13/01/2020 19:21:59 PagSeguro.br.com.uol.pagseguro.api.http.AuthenticatedHttpClient[INFO]: Correlation Id: a7d3cc14-0bc5-4388-8f40-f38454c93075
13/01/2020 19:21:59 PagSeguro.br.com.uol.pagseguro.api.http.JSEHttpClient[INFO]: Executando [POST] em [https://ws.sandbox.pagseguro.uol.com.br/v2/transactions?email=&token=&correlationId=a7d3cc14-0bc5-4388-8f40-f38454c93075]
13/01/2020 19:21:59 PagSeguro.br.com.uol.pagseguro.api.http.JSEHttpClient[INFO]: Abrindo conexao
13/01/2020 19:21:59 PagSeguro.br.com.uol.pagseguro.api.http.JSEHttpClient[INFO]: Escrevendo body
13/01/2020 19:22:05 PagSeguro.br.com.uol.pagseguro.api.http.JSEHttpClient[INFO]: Lendo resposta
13/01/2020 19:22:05 PagSeguro.br.com.uol.pagseguro.api.http.JSEHttpClient[INFO]: Fechando conexao
13/01/2020 19:22:05 PagSeguro.br.com.uol.pagseguro.api.transaction.register.DirectPaymentRegisterResource[FINE]: Resposta: HttpResponse{responseAsString='Unauthorized', status=401}
13/01/2020 19:22:05 PagSeguro.br.com.uol.pagseguro.api.transaction.register.DirectPaymentRegisterResource[INFO]: Parseando XML de resposta
13/01/2020 19:39:19 PagSeguro.br.com.uol.pagseguro.api.checkout.CheckoutsResource[INFO]: Iniciando checkout
13/01/2020 19:39:19 PagSeguro.br.com.uol.pagseguro.api.checkout.CheckoutsResource[INFO]: Convertendo valores
13/01/2020 19:39:19 PagSeguro.br.com.uol.pagseguro.api.checkout.CheckoutsResource[INFO]: Valores convertidos
13/01/2020 19:39:19 PagSeguro.br.com.uol.pagseguro.api.checkout.CheckoutsResource[FINE]: Parametros: RequestMap{map={reference=PETCC-1-1, itemId1=1, itemQuantity1=1, extraAmount=1.00, itemDescription1=teste pagseguro, currency=BRL, itemAmount1=10.00, paymentMethodConfigKey1_1=MAX_INSTALLMENTS_LIMIT, paymentMethodConfigValue1_1=1, paymentMethodGroup1=CREDIT_CARD}}
13/01/2020 19:39:19 PagSeguro.br.com.uol.pagseguro.api.http.AuthenticatedHttpClient[INFO]: Correlation Id: c7edba2e-f705-4e56-af23-887fd3f7f2e8
13/01/2020 19:39:19 PagSeguro.br.com.uol.pagseguro.api.http.JSEHttpClient[INFO]: Executando [POST] em [https://ws.sandbox.pagseguro.uol.com.br/v2/checkout?email=&token=&correlationId=c7edba2e-f705-4e56-af23-887fd3f7f2e8]
13/01/2020 19:39:19 PagSeguro.br.com.uol.pagseguro.api.http.JSEHttpClient[INFO]: Abrindo conexao
13/01/2020 19:39:19 PagSeguro.br.com.uol.pagseguro.api.http.JSEHttpClient[INFO]: Escrevendo body
13/01/2020 19:39:25 PagSeguro.br.com.uol.pagseguro.api.http.JSEHttpClient[INFO]: Lendo resposta
13/01/2020 19:39:25 PagSeguro.br.com.uol.pagseguro.api.http.JSEHttpClient[INFO]: Fechando conexao
13/01/2020 19:39:25 PagSeguro.br.com.uol.pagseguro.api.checkout.CheckoutsResource[FINE]: Resposta: HttpResponse{responseAsString='Unauthorized', status=401}
13/01/2020 19:39:25 PagSeguro.br.com.uol.pagseguro.api.checkout.CheckoutsResource[INFO]: Parseando XML de resposta
13/01/2020 19:40:21 PagSeguro.br.com.uol.pagseguro.api.checkout.CheckoutsResource[INFO]: Iniciando checkout
13/01/2020 19:40:21 PagSeguro.br.com.uol.pagseguro.api.checkout.CheckoutsResource[INFO]: Convertendo valores
13/01/2020 19:40:21 PagSeguro.br.com.uol.pagseguro.api.checkout.CheckoutsResource[INFO]: Valores convertidos
13/01/2020 19:40:21 PagSeguro.br.com.uol.pagseguro.api.checkout.CheckoutsResource[FINE]: Parametros: RequestMap{map={reference=PETCC-1-1, itemId1=1, itemQuantity1=1, extraAmount=1.00, itemDescription1=teste pagseguro, currency=BRL, itemAmount1=10.00, paymentMethodConfigKey1_1=MAX_INSTALLMENTS_LIMIT, paymentMethodConfigValue1_1=1, paymentMethodGroup1=CREDIT_CARD}}
13/01/2020 19:40:21 PagSeguro.br.com.uol.pagseguro.api.http.AuthenticatedHttpClient[INFO]: Correlation Id: fab1890c-7444-45d1-adc3-e69687b5df5e
13/01/2020 19:40:21 PagSeguro.br.com.uol.pagseguro.api.http.JSEHttpClient[INFO]: Executando [POST] em [https://ws.sandbox.pagseguro.uol.com.br/v2/checkout?email=abraaovld@gmail.com&token=9068F1E6809245E08070D78DB8EAE14F&correlationId=fab1890c-7444-45d1-adc3-e69687b5df5e]
13/01/2020 19:40:21 PagSeguro.br.com.uol.pagseguro.api.http.JSEHttpClient[INFO]: Abrindo conexao
13/01/2020 19:40:21 PagSeguro.br.com.uol.pagseguro.api.http.JSEHttpClient[INFO]: Escrevendo body
13/01/2020 19:40:27 PagSeguro.br.com.uol.pagseguro.api.http.JSEHttpClient[INFO]: Lendo resposta
13/01/2020 19:40:27 PagSeguro.br.com.uol.pagseguro.api.http.JSEHttpClient[INFO]: Fechando conexao
13/01/2020 19:40:27 PagSeguro.br.com.uol.pagseguro.api.checkout.CheckoutsResource[FINE]: Resposta: HttpResponse{responseAsString='<?xml version="1.0" encoding="ISO-8859-1" standalone="yes"?><checkout><code>ACD5430E5F5FA5200437EFA597E1F87F</code><date>2020-01-13T19:40:22.000-03:00</date></checkout>', status=200}
13/01/2020 19:40:27 PagSeguro.br.com.uol.pagseguro.api.checkout.CheckoutsResource[INFO]: Parseando XML de resposta
13/01/2020 19:40:27 PagSeguro.br.com.uol.pagseguro.api.checkout.CheckoutsResource[INFO]: Parseamento finalizado
13/01/2020 19:40:27 PagSeguro.br.com.uol.pagseguro.api.checkout.CheckoutsResource[INFO]: Checkout finalizado
18/03/2020 00:04:23 PagSeguro.br.com.uol.pagseguro.api.checkout.CheckoutsResource[INFO]: Iniciando checkout
18/03/2020 00:04:23 PagSeguro.br.com.uol.pagseguro.api.checkout.CheckoutsResource[INFO]: Convertendo valores
18/03/2020 00:04:23 PagSeguro.br.com.uol.pagseguro.api.checkout.CheckoutsResource[INFO]: Valores convertidos
18/03/2020 00:04:23 PagSeguro.br.com.uol.pagseguro.api.checkout.CheckoutsResource[FINE]: Parametros: RequestMap{map={reference=PETCC-1-1, itemId1=1, itemQuantity1=1, extraAmount=1.00, itemDescription1=teste pagseguro, currency=BRL, itemAmount1=10.00, paymentMethodConfigKey1_1=MAX_INSTALLMENTS_LIMIT, paymentMethodConfigValue1_1=1, paymentMethodGroup1=CREDIT_CARD}}
18/03/2020 00:04:23 PagSeguro.br.com.uol.pagseguro.api.http.AuthenticatedHttpClient[INFO]: Correlation Id: 3561c842-6cd5-4407-b6af-f3272bafe525
18/03/2020 00:04:23 PagSeguro.br.com.uol.pagseguro.api.http.JSEHttpClient[INFO]: Executando [POST] em [https://ws.sandbox.pagseguro.uol.com.br/v2/checkout?email=abraaovld@gmail.com&token=9068F1E6809245E08070D78DB8EAE14F&correlationId=3561c842-6cd5-4407-b6af-f3272bafe525]
18/03/2020 00:04:23 PagSeguro.br.com.uol.pagseguro.api.http.JSEHttpClient[INFO]: Abrindo conexao
18/03/2020 00:04:23 PagSeguro.br.com.uol.pagseguro.api.http.JSEHttpClient[INFO]: Escrevendo body
18/03/2020 00:04:26 PagSeguro.br.com.uol.pagseguro.api.http.JSEHttpClient[INFO]: Lendo resposta
18/03/2020 00:04:26 PagSeguro.br.com.uol.pagseguro.api.http.JSEHttpClient[INFO]: Fechando conexao
18/03/2020 00:04:26 PagSeguro.br.com.uol.pagseguro.api.checkout.CheckoutsResource[FINE]: Resposta: HttpResponse{responseAsString='<?xml version="1.0" encoding="ISO-8859-1" standalone="yes"?><checkout><code>67CCDA7D3333E42884A57FB41FD8E3A3</code><date>2020-03-18T00:04:24.000-03:00</date></checkout>', status=200}
18/03/2020 00:04:26 PagSeguro.br.com.uol.pagseguro.api.checkout.CheckoutsResource[INFO]: Parseando XML de resposta
18/03/2020 00:04:26 PagSeguro.br.com.uol.pagseguro.api.checkout.CheckoutsResource[INFO]: Parseamento finalizado
18/03/2020 00:04:26 PagSeguro.br.com.uol.pagseguro.api.checkout.CheckoutsResource[INFO]: Checkout finalizado
